           1
         100
  
  0.1000000000000E+00   0.8691452535384E-31
  0.1258925412000E+00   0.8278052138418E-25
  0.1584893192000E+00   0.5024701475747E-23
  0.1995262315000E+00   0.1137293350702E-21
  0.2511886432000E+00   0.1175657562765E-20
  0.3162277660000E+00   0.6521841671155E-20
  0.3981071706000E+00   0.2207587216493E-19
  0.5011872336000E+00   0.5053963426202E-19
  0.6309573445000E+00   0.8507557729054E-19
  0.7943282347000E+00   0.1127705047659E-18
  0.1000000000000E+01   0.1244851280858E-18
  0.1059253725000E+01   0.1246842186458E-18
  0.1122018454000E+01   0.1238900060851E-18
  0.1188502227000E+01   0.1221898917216E-18
  0.1258925412000E+01   0.1196839539628E-18
  0.1333521432000E+01   0.1164798693912E-18
  0.1412537545000E+01   0.1126881591240E-18
  0.1496235656000E+01   0.1084182375210E-18
  0.1584893192000E+01   0.1037754870734E-18
  0.1678804018000E+01   0.9885866042322E-19
  0.1778279410000E+01   0.9375835188484E-19
  0.1883649089000E+01   0.8855593863476E-19
  0.1995262315000E+01   0.8332297379659E-19
  0.2113489040000E+01   0.7812117816086E-19
  0.2238721139000E+01   0.7300268218452E-19
  0.2371373706000E+01   0.6801040914472E-19
  0.2511886432000E+01   0.6317888128557E-19
  0.2660725060000E+01   0.5853490306433E-19
  0.2818382931000E+01   0.5409832621945E-19
  0.2985382619000E+01   0.4988305913426E-19
  0.3162277660000E+01   0.4589770323809E-19
  0.3349654392000E+01   0.4214643557179E-19
  0.3548133892000E+01   0.3862969245892E-19
  0.3758374043000E+01   0.3534484853661E-19
  0.3981071706000E+01   0.3228690685744E-19
  0.4216965034000E+01   0.2944887444984E-19
  0.4466835922000E+01   0.2682227268245E-19
  0.4731512590000E+01   0.2439771395262E-19
  0.5011872336000E+01   0.2216492038993E-19
  0.5308844442000E+01   0.2011331886212E-19
  0.5623413252000E+01   0.1823197882589E-19
  0.5956621435000E+01   0.1651004409636E-19
  0.6309573445000E+01   0.1493664038207E-19
  0.6683439176000E+01   0.1350098350872E-19
  0.7079457844000E+01   0.1219306038771E-19
  0.7498942093000E+01   0.1100498837974E-19
  0.7943282347000E+01   0.9931576690490E-20
  0.8413951416000E+01   0.8961167401704E-20
  0.8912509381000E+01   0.8079609036880E-20
  0.9440608763000E+01   0.7283193779742E-20
  0.1000000000000E+02   0.6557368074315E-20
  0.1031014248000E+02   0.6200283120001E-20
  0.1062990379000E+02   0.5860760978728E-20
  0.1095958226000E+02   0.5537828080320E-20
  0.1129948546000E+02   0.5231743387570E-20
  0.1164993051000E+02   0.4941709896267E-20
  0.1201124434000E+02   0.4666769132793E-20
  0.1238376405000E+02   0.4406235864426E-20
  0.1276783718000E+02   0.4159500451711E-20
  0.1316382204000E+02   0.3925945528465E-20
  0.1357208808000E+02   0.3705008130407E-20
  0.1399301619000E+02   0.3496356013603E-20
  0.1442699906000E+02   0.3300008651532E-20
  0.1487444158000E+02   0.3115307120312E-20
  0.1533576120000E+02   0.2941006929672E-20
  0.1581138830000E+02   0.2776471778025E-20
  0.1630176662000E+02   0.2621126599798E-20
  0.1680735365000E+02   0.2474464941102E-20
  0.1732862108000E+02   0.2335875831896E-20
  0.1786605523000E+02   0.2204937105525E-20
  0.1842015749000E+02   0.2081096453316E-20
  0.1899144482000E+02   0.1963935967202E-20
  0.1958045020000E+02   0.1852982641515E-20
  0.2018772314000E+02   0.1747931956870E-20
  0.2081383019000E+02   0.1648578860749E-20
  0.2145935547000E+02   0.1554740749067E-20
  0.2212490124000E+02   0.1466164629738E-20
  0.2281108841000E+02   0.1382439170060E-20
  0.2351855716000E+02   0.1303454868175E-20
  0.2424796753000E+02   0.1228895791059E-20
  0.2500000000000E+02   0.1158557533460E-20
  0.3035700734000E+02   0.7952992053414E-21
  0.3686191578000E+02   0.5449284478112E-21
  0.4476069791000E+02   0.3728057320892E-21
  0.5435203339000E+02   0.2546621978637E-21
  0.6599860305000E+02   0.1737100161286E-21
  0.8014080308000E+02   0.1183237958903E-21
  0.9731339789000E+02   0.8048431220029E-22
  0.1181657413000E+03   0.5467220245432E-22
  0.1434863311000E+03   0.3709384808903E-22
  0.1742326242000E+03   0.2514575297905E-22
  0.2115672420000E+03   0.1703723929624E-22
  0.2569019328000E+03   0.1153819282951E-22
  0.3119509543000E+03   0.7810079926104E-23
  0.3787958963000E+03   0.5290165137660E-23
  0.4599643921000E+03   0.3582517453037E-23
  0.5585256971000E+03   0.2426564969562E-23
  0.6782067473000E+03   0.1644565730900E-23
  0.8235330882000E+03   0.1114436086828E-23
  0.1000000000000E+04   0.4735957938746E-27
