           1
         100
  
  0.1000000000000E+00   0.3377391281207E-28
  0.1258925412000E+00   0.9007043250576E-25
  0.1584893192000E+00   0.5483377951497E-23
  0.1995262315000E+00   0.1289954573404E-21
  0.2511886432000E+00   0.1355586118827E-20
  0.3162277660000E+00   0.7524119229720E-20
  0.3981071706000E+00   0.2528297965563E-19
  0.5011872336000E+00   0.5793516173157E-19
  0.6309573445000E+00   0.9748655822851E-19
  0.7943282347000E+00   0.1297649063632E-18
  0.1000000000000E+01   0.1417650212997E-18
  0.1059253725000E+01   0.1421504958193E-18
  0.1122018454000E+01   0.1412706138974E-18
  0.1188502227000E+01   0.1394009086097E-18
  0.1258925412000E+01   0.1367575385486E-18
  0.1333521432000E+01   0.1329186381505E-18
  0.1412537545000E+01   0.1283742259230E-18
  0.1496235656000E+01   0.1237572547998E-18
  0.1584893192000E+01   0.1184771234087E-18
  0.1678804018000E+01   0.1135177207881E-18
  0.1778279410000E+01   0.1080799453201E-18
  0.1883649089000E+01   0.1022682043995E-18
  0.1995262315000E+01   0.9667576201552E-19
  0.2113489040000E+01   0.9048853233307E-19
  0.2238721139000E+01   0.8465427369253E-19
  0.2371373706000E+01   0.7917576782802E-19
  0.2511886432000E+01   0.7387015726906E-19
  0.2660725060000E+01   0.6905546099526E-19
  0.2818382931000E+01   0.6417294683915E-19
  0.2985382619000E+01   0.5982321658941E-19
  0.3162277660000E+01   0.5534329802261E-19
  0.3349654392000E+01   0.5131958340704E-19
  0.3548133892000E+01   0.4850961875634E-19
  0.3758374043000E+01   0.4552831255040E-19
  0.3981071706000E+01   0.4358312775146E-19
  0.4216965034000E+01   0.4229155291216E-19
  0.4466835922000E+01   0.4175738419504E-19
  0.4731512590000E+01   0.4207501280818E-19
  0.5011872336000E+01   0.4406860707520E-19
  0.5308844442000E+01   0.4656469969357E-19
  0.5623413252000E+01   0.5022672643474E-19
  0.5956621435000E+01   0.5574193682742E-19
  0.6309573445000E+01   0.6076703528545E-19
  0.6683439176000E+01   0.6887441867941E-19
  0.7079457844000E+01   0.7696811384252E-19
  0.7498942093000E+01   0.8733018170714E-19
  0.7943282347000E+01   0.1116350130850E-18
  0.8413951416000E+01   0.1345796755535E-18
  0.8912509381000E+01   0.1552014396819E-18
  0.9440608763000E+01   0.1775861739687E-18
  0.1000000000000E+02   0.1893116046262E-18
  0.1031014248000E+02   0.2025003227502E-18
  0.1062990379000E+02   0.2088706868597E-18
  0.1095958226000E+02   0.2161473180959E-18
  0.1129948546000E+02   0.2184582377542E-18
  0.1164993051000E+02   0.2196357075030E-18
  0.1201124434000E+02   0.2310901352478E-18
  0.1238376405000E+02   0.2316487588327E-18
  0.1276783718000E+02   0.2337718531310E-18
  0.1316382204000E+02   0.2364431649108E-18
  0.1357208808000E+02   0.2430187410082E-18
  0.1399301619000E+02   0.2388004732196E-18
  0.1442699906000E+02   0.2489667508229E-18
  0.1487444158000E+02   0.2514869675532E-18
  0.1533576120000E+02   0.2635537675160E-18
  0.1581138830000E+02   0.2660007557849E-18
  0.1630176662000E+02   0.2731399802842E-18
  0.1680735365000E+02   0.2820916806491E-18
  0.1732862108000E+02   0.2924774151319E-18
  0.1786605523000E+02   0.3008394433644E-18
  0.1842015749000E+02   0.3127607578358E-18
  0.1899144482000E+02   0.3119599829610E-18
  0.1958045020000E+02   0.3170505592009E-18
  0.2018772314000E+02   0.3199403688518E-18
  0.2081383019000E+02   0.3275360071891E-18
  0.2145935547000E+02   0.3250209995373E-18
  0.2212490124000E+02   0.3246284925665E-18
  0.2281108841000E+02   0.3333743293549E-18
  0.2351855716000E+02   0.3392929629440E-18
  0.2424796753000E+02   0.3382001923697E-18
  0.2500000000000E+02   0.3451417938387E-18
  0.3035700734000E+02   0.3691129490779E-18
  0.3686191578000E+02   0.3927898792112E-18
  0.4476069791000E+02   0.4144440685348E-18
  0.5435203339000E+02   0.4728203636783E-18
  0.6599860305000E+02   0.5267163324036E-18
  0.8014080308000E+02   0.5848744648718E-18
  0.9731339789000E+02   0.6261616558510E-18
  0.1181657413000E+03   0.6270399653563E-18
  0.1434863311000E+03   0.5762345004770E-18
  0.1742326242000E+03   0.4823017022855E-18
  0.2115672420000E+03   0.3745749887514E-18
  0.2569019328000E+03   0.2647593561495E-18
  0.3119509543000E+03   0.1676052359278E-18
  0.3787958963000E+03   0.1044002441859E-18
  0.4599643921000E+03   0.5694868020458E-19
  0.5585256971000E+03   0.2782221459306E-19
  0.6782067473000E+03   0.1337740388505E-19
  0.8235330882000E+03   0.4489628209369E-20
  0.1000000000000E+04   0.1689146945056E-20
