           1
         100
  
  0.1000000000000E+00   0.3287879707056E-28
  0.1258925412000E+00   0.8927249601700E-25
  0.1584893192000E+00   0.5484496000995E-23
  0.1995262315000E+00   0.1288976958883E-21
  0.2511886432000E+00   0.1349181306802E-20
  0.3162277660000E+00   0.7492783546030E-20
  0.3981071706000E+00   0.2542945922030E-19
  0.5011872336000E+00   0.5834031197012E-19
  0.6309573445000E+00   0.9803833267554E-19
  0.7943282347000E+00   0.1287358238673E-18
  0.1000000000000E+01   0.1430517155854E-18
  0.1059253725000E+01   0.1423580659905E-18
  0.1122018454000E+01   0.1418063033941E-18
  0.1188502227000E+01   0.1403716579537E-18
  0.1258925412000E+01   0.1378819215146E-18
  0.1333521432000E+01   0.1343508904582E-18
  0.1412537545000E+01   0.1304768545387E-18
  0.1496235656000E+01   0.1251993912897E-18
  0.1584893192000E+01   0.1202845569194E-18
  0.1678804018000E+01   0.1146070195585E-18
  0.1778279410000E+01   0.1090445482710E-18
  0.1883649089000E+01   0.1031451466807E-18
  0.1995262315000E+01   0.9752544004440E-19
  0.2113489040000E+01   0.9176442201176E-19
  0.2238721139000E+01   0.8628445639975E-19
  0.2371373706000E+01   0.8093173522696E-19
  0.2511886432000E+01   0.7586323501210E-19
  0.2660725060000E+01   0.7073832226719E-19
  0.2818382931000E+01   0.6583218933840E-19
  0.2985382619000E+01   0.6124678627412E-19
  0.3162277660000E+01   0.5698686813060E-19
  0.3349654392000E+01   0.5278646989316E-19
  0.3548133892000E+01   0.4888272504374E-19
  0.3758374043000E+01   0.4514388402941E-19
  0.3981071706000E+01   0.4163904022047E-19
  0.4216965034000E+01   0.3835323375639E-19
  0.4466835922000E+01   0.3526759176214E-19
  0.4731512590000E+01   0.3246425749101E-19
  0.5011872336000E+01   0.2979302578182E-19
  0.5308844442000E+01   0.2726151546625E-19
  0.5623413252000E+01   0.2502377977593E-19
  0.5956621435000E+01   0.2308606982528E-19
  0.6309573445000E+01   0.2122927994698E-19
  0.6683439176000E+01   0.1971603876873E-19
  0.7079457844000E+01   0.1838753947770E-19
  0.7498942093000E+01   0.1781126246485E-19
  0.7943282347000E+01   0.1928560252447E-19
  0.8413951416000E+01   0.2281315113558E-19
  0.8912509381000E+01   0.2686409373630E-19
  0.9440608763000E+01   0.3253864436997E-19
  0.1000000000000E+02   0.3862961868379E-19
  0.1031014248000E+02   0.4211875216144E-19
  0.1062990379000E+02   0.4633318446983E-19
  0.1095958226000E+02   0.5036382469383E-19
  0.1129948546000E+02   0.5536501861500E-19
  0.1164993051000E+02   0.6054921414297E-19
  0.1201124434000E+02   0.6667246891014E-19
  0.1238376405000E+02   0.7201672675246E-19
  0.1276783718000E+02   0.7986547328569E-19
  0.1316382204000E+02   0.8580369413015E-19
  0.1357208808000E+02   0.9272912855964E-19
  0.1399301619000E+02   0.1012290238003E-18
  0.1442699906000E+02   0.1121101157449E-18
  0.1487444158000E+02   0.1232231826836E-18
  0.1533576120000E+02   0.1379739886987E-18
  0.1581138830000E+02   0.1507737504211E-18
  0.1630176662000E+02   0.1685902841941E-18
  0.1680735365000E+02   0.1845250148297E-18
  0.1732862108000E+02   0.2013327559437E-18
  0.1786605523000E+02   0.2216539878743E-18
  0.1842015749000E+02   0.2388411696711E-18
  0.1899144482000E+02   0.2594148738989E-18
  0.1958045020000E+02   0.2746521187754E-18
  0.2018772314000E+02   0.2942394760800E-18
  0.2081383019000E+02   0.3103396224420E-18
  0.2145935547000E+02   0.3327862949644E-18
  0.2212490124000E+02   0.3514420984057E-18
  0.2281108841000E+02   0.3696455530188E-18
  0.2351855716000E+02   0.3867878693952E-18
  0.2424796753000E+02   0.4058481514054E-18
  0.2500000000000E+02   0.4225789144645E-18
  0.3035700734000E+02   0.5425129590052E-18
  0.3686191578000E+02   0.6350075994066E-18
  0.4476069791000E+02   0.7183510954310E-18
  0.5435203339000E+02   0.7969185805133E-18
  0.6599860305000E+02   0.8636381116070E-18
  0.8014080308000E+02   0.9055357078619E-18
  0.9731339789000E+02   0.9339614189389E-18
  0.1181657413000E+03   0.8889783402191E-18
  0.1434863311000E+03   0.7727126236511E-18
  0.1742326242000E+03   0.6247049617861E-18
  0.2115672420000E+03   0.4693626465893E-18
  0.2569019328000E+03   0.3196446469370E-18
  0.3119509543000E+03   0.1969980270992E-18
  0.3787958963000E+03   0.1189581622223E-18
  0.4599643921000E+03   0.6289544459833E-19
  0.5585256971000E+03   0.2938020097214E-19
  0.6782067473000E+03   0.1371005348039E-19
  0.8235330882000E+03   0.4479558655355E-20
  0.1000000000000E+04   0.1675600796744E-20
