           1
         100
  
  0.1000000000000E+00   0.3625095881761E-28
  0.1258925412000E+00   0.8998693990875E-25
  0.1584893192000E+00   0.5528727919971E-23
  0.1995262315000E+00   0.1304007459848E-21
  0.2511886432000E+00   0.1367143809424E-20
  0.3162277660000E+00   0.7583693237346E-20
  0.3981071706000E+00   0.2574519297649E-19
  0.5011872336000E+00   0.5909980625471E-19
  0.6309573445000E+00   0.9929169056535E-19
  0.7943282347000E+00   0.1304300914431E-18
  0.1000000000000E+01   0.1449782009370E-18
  0.1059253725000E+01   0.1443150933663E-18
  0.1122018454000E+01   0.1435882789092E-18
  0.1188502227000E+01   0.1422601446483E-18
  0.1258925412000E+01   0.1396404280355E-18
  0.1333521432000E+01   0.1359376177960E-18
  0.1412537545000E+01   0.1321697153528E-18
  0.1496235656000E+01   0.1267267123609E-18
  0.1584893192000E+01   0.1218314437405E-18
  0.1678804018000E+01   0.1160793843044E-18
  0.1778279410000E+01   0.1104457544105E-18
  0.1883649089000E+01   0.1044130846249E-18
  0.1995262315000E+01   0.9877558862123E-19
  0.2113489040000E+01   0.9293725181963E-19
  0.2238721139000E+01   0.8737678898399E-19
  0.2371373706000E+01   0.8196583670355E-19
  0.2511886432000E+01   0.7684529740692E-19
  0.2660725060000E+01   0.7164569902734E-19
  0.2818382931000E+01   0.6667609354316E-19
  0.2985382619000E+01   0.6206082430679E-19
  0.3162277660000E+01   0.5766875134541E-19
  0.3349654392000E+01   0.5342143137504E-19
  0.3548133892000E+01   0.4943443067284E-19
  0.3758374043000E+01   0.4567393764845E-19
  0.3981071706000E+01   0.4212806946726E-19
  0.4216965034000E+01   0.3879505353574E-19
  0.4466835922000E+01   0.3565566824820E-19
  0.4731512590000E+01   0.3282337763042E-19
  0.5011872336000E+01   0.3011697743728E-19
  0.5308844442000E+01   0.2758750513495E-19
  0.5623413252000E+01   0.2532262863990E-19
  0.5956621435000E+01   0.2339820697876E-19
  0.6309573445000E+01   0.2160981449928E-19
  0.6683439176000E+01   0.2016399634182E-19
  0.7079457844000E+01   0.1898205639256E-19
  0.7498942093000E+01   0.1866540929151E-19
  0.7943282347000E+01   0.2081478740174E-19
  0.8413951416000E+01   0.2560490277485E-19
  0.8912509381000E+01   0.3134842749066E-19
  0.9440608763000E+01   0.3945330815956E-19
  0.1000000000000E+02   0.4817148853345E-19
  0.1031014248000E+02   0.5331636076201E-19
  0.1062990379000E+02   0.5913967352674E-19
  0.1095958226000E+02   0.6456216436947E-19
  0.1129948546000E+02   0.7121813948356E-19
  0.1164993051000E+02   0.7799289156277E-19
  0.1201124434000E+02   0.8516814840904E-19
  0.1238376405000E+02   0.9255646225583E-19
  0.1276783718000E+02   0.1012787837447E-18
  0.1316382204000E+02   0.1087644070953E-18
  0.1357208808000E+02   0.1173695770027E-18
  0.1399301619000E+02   0.1265208042714E-18
  0.1442699906000E+02   0.1385359596176E-18
  0.1487444158000E+02   0.1517402926158E-18
  0.1533576120000E+02   0.1687564206348E-18
  0.1581138830000E+02   0.1843795066081E-18
  0.1630176662000E+02   0.2044803079388E-18
  0.1680735365000E+02   0.2235884066367E-18
  0.1732862108000E+02   0.2438154448166E-18
  0.1786605523000E+02   0.2664569209705E-18
  0.1842015749000E+02   0.2865657632753E-18
  0.1899144482000E+02   0.3094556959381E-18
  0.1958045020000E+02   0.3257166755152E-18
  0.2018772314000E+02   0.3462285597798E-18
  0.2081383019000E+02   0.3632286456348E-18
  0.2145935547000E+02   0.3843871350801E-18
  0.2212490124000E+02   0.4028413618182E-18
  0.2281108841000E+02   0.4198151116915E-18
  0.2351855716000E+02   0.4368519603564E-18
  0.2424796753000E+02   0.4554345216590E-18
  0.2500000000000E+02   0.4716204240406E-18
  0.3035700734000E+02   0.5766197502667E-18
  0.3686191578000E+02   0.6514684043458E-18
  0.4476069791000E+02   0.7119561784347E-18
  0.5435203339000E+02   0.7669910218593E-18
  0.6599860305000E+02   0.8150751766492E-18
  0.8014080308000E+02   0.8427099247367E-18
  0.9731339789000E+02   0.8658507841891E-18
  0.1181657413000E+03   0.8253301178540E-18
  0.1434863311000E+03   0.7206325805886E-18
  0.1742326242000E+03   0.5866472218078E-18
  0.2115672420000E+03   0.4433921398051E-18
  0.2569019328000E+03   0.3044119007356E-18
  0.3119509543000E+03   0.1887792314697E-18
  0.3787958963000E+03   0.1148372474841E-18
  0.4599643921000E+03   0.6119649919383E-19
  0.5585256971000E+03   0.2883845137434E-19
  0.6782067473000E+03   0.1355322176888E-19
  0.8235330882000E+03   0.4464999693717E-20
  0.1000000000000E+04   0.1674404100886E-20
