           1
         100
  
  0.1000000000000E+00   0.3019173253641E-28
  0.1258925412000E+00   0.8904819754576E-25
  0.1584893192000E+00   0.5436367070258E-23
  0.1995262315000E+00   0.1271687620894E-21
  0.2511886432000E+00   0.1335457155320E-20
  0.3162277660000E+00   0.7406282449926E-20
  0.3981071706000E+00   0.2499410736496E-19
  0.5011872336000E+00   0.5690193402666E-19
  0.6309573445000E+00   0.9572355126376E-19
  0.7943282347000E+00   0.1273275380586E-18
  0.1000000000000E+01   0.1401794503487E-18
  0.1059253725000E+01   0.1394839992647E-18
  0.1122018454000E+01   0.1393204523387E-18
  0.1188502227000E+01   0.1379501444188E-18
  0.1258925412000E+01   0.1351468095794E-18
  0.1333521432000E+01   0.1317352744996E-18
  0.1412537545000E+01   0.1275249266128E-18
  0.1496235656000E+01   0.1225995587939E-18
  0.1584893192000E+01   0.1172739469426E-18
  0.1678804018000E+01   0.1124088547857E-18
  0.1778279410000E+01   0.1068868481981E-18
  0.1883649089000E+01   0.1004722850614E-18
  0.1995262315000E+01   0.9454280825687E-19
  0.2113489040000E+01   0.8891904469972E-19
  0.2238721139000E+01   0.8326464456891E-19
  0.2371373706000E+01   0.7833054585781E-19
  0.2511886432000E+01   0.7313180453039E-19
  0.2660725060000E+01   0.6799761677077E-19
  0.2818382931000E+01   0.6325954933893E-19
  0.2985382619000E+01   0.5837759260492E-19
  0.3162277660000E+01   0.5412814901439E-19
  0.3349654392000E+01   0.5017521536117E-19
  0.3548133892000E+01   0.4622185234741E-19
  0.3758374043000E+01   0.4242089576218E-19
  0.3981071706000E+01   0.3914396885491E-19
  0.4216965034000E+01   0.3590566184001E-19
  0.4466835922000E+01   0.3289055213672E-19
  0.4731512590000E+01   0.3008558410058E-19
  0.5011872336000E+01   0.2760435508502E-19
  0.5308844442000E+01   0.2511971167337E-19
  0.5623413252000E+01   0.2315305241598E-19
  0.5956621435000E+01   0.2121641816293E-19
  0.6309573445000E+01   0.1980959679874E-19
  0.6683439176000E+01   0.1823389797726E-19
  0.7079457844000E+01   0.1721607987099E-19
  0.7498942093000E+01   0.1686116162694E-19
  0.7943282347000E+01   0.1829244989043E-19
  0.8413951416000E+01   0.2157182097884E-19
  0.8912509381000E+01   0.2549722410008E-19
  0.9440608763000E+01   0.3156332638562E-19
  0.1000000000000E+02   0.3810184925245E-19
  0.1031014248000E+02   0.4190152210855E-19
  0.1062990379000E+02   0.4678438684324E-19
  0.1095958226000E+02   0.5183255770004E-19
  0.1129948546000E+02   0.5736506162685E-19
  0.1164993051000E+02   0.6384663599214E-19
  0.1201124434000E+02   0.6948251193211E-19
  0.1238376405000E+02   0.7758116685438E-19
  0.1276783718000E+02   0.8386312432617E-19
  0.1316382204000E+02   0.9240687347659E-19
  0.1357208808000E+02   0.1012935479602E-18
  0.1399301619000E+02   0.1108343568097E-18
  0.1442699906000E+02   0.1220314614668E-18
  0.1487444158000E+02   0.1361968425132E-18
  0.1533576120000E+02   0.1496199546409E-18
  0.1581138830000E+02   0.1634594304278E-18
  0.1630176662000E+02   0.1819217190717E-18
  0.1680735365000E+02   0.1988212529178E-18
  0.1732862108000E+02   0.2178397195871E-18
  0.1786605523000E+02   0.2377929784016E-18
  0.1842015749000E+02   0.2572089391611E-18
  0.1899144482000E+02   0.2763199866803E-18
  0.1958045020000E+02   0.2972416683363E-18
  0.2018772314000E+02   0.3170469367476E-18
  0.2081383019000E+02   0.3336701380776E-18
  0.2145935547000E+02   0.3514386773938E-18
  0.2212490124000E+02   0.3689595584194E-18
  0.2281108841000E+02   0.3871808515039E-18
  0.2351855716000E+02   0.4118350616275E-18
  0.2424796753000E+02   0.4274165133433E-18
  0.2500000000000E+02   0.4466451403571E-18
  0.3035700734000E+02   0.5586494731731E-18
  0.3686191578000E+02   0.6594075959169E-18
  0.4476069791000E+02   0.7458924856102E-18
  0.5435203339000E+02   0.8151672223144E-18
  0.6599860305000E+02   0.8880819114272E-18
  0.8014080308000E+02   0.9359493989166E-18
  0.9731339789000E+02   0.9560835027970E-18
  0.1181657413000E+03   0.9018324212656E-18
  0.1434863311000E+03   0.7912054246079E-18
  0.1742326242000E+03   0.6387521688685E-18
  0.2115672420000E+03   0.4762378001905E-18
  0.2569019328000E+03   0.3241319205728E-18
  0.3119509543000E+03   0.1992283694848E-18
  0.3787958963000E+03   0.1204595338092E-18
  0.4599643921000E+03   0.6389300143094E-19
  0.5585256971000E+03   0.2971529343018E-19
  0.6782067473000E+03   0.1385187013028E-19
  0.8235330882000E+03   0.4525534279699E-20
  0.1000000000000E+04   0.1691800104705E-20
