           1
         100
  
  0.1000000000000E+00   0.3861633025955E-28
  0.1258925412000E+00   0.9054917217150E-25
  0.1584893192000E+00   0.5532764568499E-23
  0.1995262315000E+00   0.1310570262463E-21
  0.2511886432000E+00   0.1385179523749E-20
  0.3162277660000E+00   0.7711904365379E-20
  0.3981071706000E+00   0.2618143754036E-19
  0.5011872336000E+00   0.5989546667057E-19
  0.6309573445000E+00   0.1014519254825E-18
  0.7943282347000E+00   0.1337817672810E-18
  0.1000000000000E+01   0.1472099378860E-18
  0.1059253725000E+01   0.1474215588928E-18
  0.1122018454000E+01   0.1457563202410E-18
  0.1188502227000E+01   0.1439927281645E-18
  0.1258925412000E+01   0.1410460695355E-18
  0.1333521432000E+01   0.1373191899490E-18
  0.1412537545000E+01   0.1326794948243E-18
  0.1496235656000E+01   0.1272430556690E-18
  0.1584893192000E+01   0.1217554497388E-18
  0.1678804018000E+01   0.1159210634503E-18
  0.1778279410000E+01   0.1098740398508E-18
  0.1883649089000E+01   0.1036877851482E-18
  0.1995262315000E+01   0.9770572649221E-19
  0.2113489040000E+01   0.9190448150546E-19
  0.2238721139000E+01   0.8558788230276E-19
  0.2371373706000E+01   0.7914564758955E-19
  0.2511886432000E+01   0.7370605203007E-19
  0.2660725060000E+01   0.6790472747172E-19
  0.2818382931000E+01   0.6270768247822E-19
  0.2985382619000E+01   0.5790651055049E-19
  0.3162277660000E+01   0.5330148815543E-19
  0.3349654392000E+01   0.4895871674848E-19
  0.3548133892000E+01   0.4491383343091E-19
  0.3758374043000E+01   0.4116584517817E-19
  0.3981071706000E+01   0.3787595411095E-19
  0.4216965034000E+01   0.3490179836563E-19
  0.4466835922000E+01   0.3246516860431E-19
  0.4731512590000E+01   0.3051016915458E-19
  0.5011872336000E+01   0.2913925888087E-19
  0.5308844442000E+01   0.2820057578388E-19
  0.5623413252000E+01   0.2798787790406E-19
  0.5956621435000E+01   0.2836359875314E-19
  0.6309573445000E+01   0.2948738143093E-19
  0.6683439176000E+01   0.3108972558006E-19
  0.7079457844000E+01   0.3309068142062E-19
  0.7498942093000E+01   0.3759387046743E-19
  0.7943282347000E+01   0.5174773178445E-19
  0.8413951416000E+01   0.7615584987289E-19
  0.8912509381000E+01   0.1017793503817E-18
  0.9440608763000E+01   0.1347463025237E-18
  0.1000000000000E+02   0.1600625404510E-18
  0.1031014248000E+02   0.1727198698491E-18
  0.1062990379000E+02   0.1830858504206E-18
  0.1095958226000E+02   0.1900398980207E-18
  0.1129948546000E+02   0.1957818433939E-18
  0.1164993051000E+02   0.2003598965016E-18
  0.1201124434000E+02   0.2030641922733E-18
  0.1238376405000E+02   0.2039898884332E-18
  0.1276783718000E+02   0.2025619325152E-18
  0.1316382204000E+02   0.1994464042495E-18
  0.1357208808000E+02   0.1949687294580E-18
  0.1399301619000E+02   0.1906480557627E-18
  0.1442699906000E+02   0.1909975416666E-18
  0.1487444158000E+02   0.1975206729725E-18
  0.1533576120000E+02   0.2058802511937E-18
  0.1581138830000E+02   0.2157798187965E-18
  0.1630176662000E+02   0.2271146874534E-18
  0.1680735365000E+02   0.2396162994473E-18
  0.1732862108000E+02   0.2519938677828E-18
  0.1786605523000E+02   0.2640737729820E-18
  0.1842015749000E+02   0.2751065205393E-18
  0.1899144482000E+02   0.2839412017546E-18
  0.1958045020000E+02   0.2899986603416E-18
  0.2018772314000E+02   0.2928264197843E-18
  0.2081383019000E+02   0.2935151621914E-18
  0.2145935547000E+02   0.2933623795844E-18
  0.2212490124000E+02   0.2929194468442E-18
  0.2281108841000E+02   0.2905379329530E-18
  0.2351855716000E+02   0.2883004248966E-18
  0.2424796753000E+02   0.2855986858326E-18
  0.2500000000000E+02   0.2826875964541E-18
  0.3035700734000E+02   0.2531866160602E-18
  0.3686191578000E+02   0.2153173960915E-18
  0.4476069791000E+02   0.1762693505834E-18
  0.5435203339000E+02   0.1390647449735E-18
  0.6599860305000E+02   0.1063313130201E-18
  0.8014080308000E+02   0.7912574905165E-19
  0.9731339789000E+02   0.5710833664882E-19
  0.1181657413000E+03   0.3986975764529E-19
  0.1434863311000E+03   0.2671108589369E-19
  0.1742326242000E+03   0.1724884609131E-19
  0.2115672420000E+03   0.1074959129828E-19
  0.2569019328000E+03   0.6366064850233E-20
  0.3119509543000E+03   0.3466080682534E-20
  0.3787958963000E+03   0.1915293889268E-20
  0.4599643921000E+03   0.9564392683404E-21
  0.5585256971000E+03   0.4371269420928E-21
  0.6782067473000E+03   0.2033687107686E-21
  0.8235330882000E+03   0.6895267919131E-22
  0.1000000000000E+04   0.2555946494497E-22
