           1
         100
  
  0.1000000000000E+00   0.3411399277255E-28
  0.1258925412000E+00   0.8986332975626E-25
  0.1584893192000E+00   0.5488297594427E-23
  0.1995262315000E+00   0.1287955640466E-21
  0.2511886432000E+00   0.1355248144523E-20
  0.3162277660000E+00   0.7517854824121E-20
  0.3981071706000E+00   0.2537337496638E-19
  0.5011872336000E+00   0.5776928661960E-19
  0.6309573445000E+00   0.9731478517267E-19
  0.7943282347000E+00   0.1292972185434E-18
  0.1000000000000E+01   0.1425998335102E-18
  0.1059253725000E+01   0.1419599783770E-18
  0.1122018454000E+01   0.1417196156555E-18
  0.1188502227000E+01   0.1402579794781E-18
  0.1258925412000E+01   0.1373727146187E-18
  0.1333521432000E+01   0.1336813596463E-18
  0.1412537545000E+01   0.1293978165742E-18
  0.1496235656000E+01   0.1244339359042E-18
  0.1584893192000E+01   0.1190802507253E-18
  0.1678804018000E+01   0.1140137831631E-18
  0.1778279410000E+01   0.1085363673785E-18
  0.1883649089000E+01   0.1020239228034E-18
  0.1995262315000E+01   0.9598716762100E-19
  0.2113489040000E+01   0.9028505028309E-19
  0.2238721139000E+01   0.8449615454556E-19
  0.2371373706000E+01   0.7950614766762E-19
  0.2511886432000E+01   0.7424035535187E-19
  0.2660725060000E+01   0.6898021964388E-19
  0.2818382931000E+01   0.6418490738789E-19
  0.2985382619000E+01   0.5922037887639E-19
  0.3162277660000E+01   0.5490995371306E-19
  0.3349654392000E+01   0.5087502870463E-19
  0.3548133892000E+01   0.4683563357468E-19
  0.3758374043000E+01   0.4298718904925E-19
  0.3981071706000E+01   0.3965927296056E-19
  0.4216965034000E+01   0.3633293915516E-19
  0.4466835922000E+01   0.3329844374322E-19
  0.4731512590000E+01   0.3046052353081E-19
  0.5011872336000E+01   0.2795907192541E-19
  0.5308844442000E+01   0.2545386811844E-19
  0.5623413252000E+01   0.2350258864084E-19
  0.5956621435000E+01   0.2157248655565E-19
  0.6309573445000E+01   0.2024975554894E-19
  0.6683439176000E+01   0.1883060135906E-19
  0.7079457844000E+01   0.1804800323106E-19
  0.7498942093000E+01   0.1807691347393E-19
  0.7943282347000E+01   0.2049124481929E-19
  0.8413951416000E+01   0.2561996842845E-19
  0.8912509381000E+01   0.3192857505043E-19
  0.9440608763000E+01   0.4136672847470E-19
  0.1000000000000E+02   0.5166033632958E-19
  0.1031014248000E+02   0.5786442012796E-19
  0.1062990379000E+02   0.6501061073794E-19
  0.1095958226000E+02   0.7183726988272E-19
  0.1129948546000E+02   0.7995299631075E-19
  0.1164993051000E+02   0.8907348563108E-19
  0.1201124434000E+02   0.9639470121803E-19
  0.1238376405000E+02   0.1070459954531E-18
  0.1276783718000E+02   0.1153045912343E-18
  0.1316382204000E+02   0.1255404469192E-18
  0.1357208808000E+02   0.1357103820116E-18
  0.1399301619000E+02   0.1467457022554E-18
  0.1442699906000E+02   0.1598419420747E-18
  0.1487444158000E+02   0.1761154076342E-18
  0.1533576120000E+02   0.1919656729848E-18
  0.1581138830000E+02   0.2097560109083E-18
  0.1630176662000E+02   0.2313872460271E-18
  0.1680735365000E+02   0.2515989911372E-18
  0.1732862108000E+02   0.2742565782666E-18
  0.1786605523000E+02   0.2969738931592E-18
  0.1842015749000E+02   0.3194718000329E-18
  0.1899144482000E+02   0.3417274731404E-18
  0.1958045020000E+02   0.3641545509901E-18
  0.2018772314000E+02   0.3852212293874E-18
  0.2081383019000E+02   0.4027481132048E-18
  0.2145935547000E+02   0.4218532758907E-18
  0.2212490124000E+02   0.4389523961205E-18
  0.2281108841000E+02   0.4583925249302E-18
  0.2351855716000E+02   0.4808498511401E-18
  0.2424796753000E+02   0.4946405364073E-18
  0.2500000000000E+02   0.5129366326596E-18
  0.3035700734000E+02   0.6098030722556E-18
  0.3686191578000E+02   0.6856748058457E-18
  0.4476069791000E+02   0.7455350341400E-18
  0.5435203339000E+02   0.7885195727563E-18
  0.6599860305000E+02   0.8385060684475E-18
  0.8014080308000E+02   0.8736286890796E-18
  0.9731339789000E+02   0.8874038239274E-18
  0.1181657413000E+03   0.8390169846836E-18
  0.1434863311000E+03   0.7388830750156E-18
  0.1742326242000E+03   0.6001064419241E-18
  0.2115672420000E+03   0.4504566033778E-18
  0.2569019328000E+03   0.3089034036492E-18
  0.3119509543000E+03   0.1912258458015E-18
  0.3787958963000E+03   0.1162302025728E-18
  0.4599643921000E+03   0.6214174269839E-19
  0.5585256971000E+03   0.2914268335040E-19
  0.6782067473000E+03   0.1370069626439E-19
  0.8235330882000E+03   0.4510553807205E-20
  0.1000000000000E+04   0.1690899266463E-20
