           1
         100
  
  0.1000000000000E+00   0.2013976999713E-28
  0.1258925412000E+00   0.8663006653889E-25
  0.1584893192000E+00   0.5268143892984E-23
  0.1995262315000E+00   0.1234676554458E-21
  0.2511886432000E+00   0.1289401130946E-20
  0.3162277660000E+00   0.7155986930580E-20
  0.3981071706000E+00   0.2398040979122E-19
  0.5011872336000E+00   0.5576709066081E-19
  0.6309573445000E+00   0.9454330364605E-19
  0.7943282347000E+00   0.1265297320731E-18
  0.1000000000000E+01   0.1442979783325E-18
  0.1059253725000E+01   0.1458408911705E-18
  0.1122018454000E+01   0.1473448337380E-18
  0.1188502227000E+01   0.1481911822745E-18
  0.1258925412000E+01   0.1479028773476E-18
  0.1333521432000E+01   0.1463674848839E-18
  0.1412537545000E+01   0.1467265625020E-18
  0.1496235656000E+01   0.1451708941621E-18
  0.1584893192000E+01   0.1450231322774E-18
  0.1678804018000E+01   0.1427154459653E-18
  0.1778279410000E+01   0.1404085716878E-18
  0.1883649089000E+01   0.1392259691803E-18
  0.1995262315000E+01   0.1398798404012E-18
  0.2113489040000E+01   0.1372543724293E-18
  0.2238721139000E+01   0.1374775533812E-18
  0.2371373706000E+01   0.1346518136459E-18
  0.2511886432000E+01   0.1374115950443E-18
  0.2660725060000E+01   0.1328088436435E-18
  0.2818382931000E+01   0.1264835922739E-18
  0.2985382619000E+01   0.1284981999206E-18
  0.3162277660000E+01   0.1285618156791E-18
  0.3349654392000E+01   0.1253727865107E-18
  0.3548133892000E+01   0.1236453285083E-18
  0.3758374043000E+01   0.1257388400135E-18
  0.3981071706000E+01   0.1218809689718E-18
  0.4216965034000E+01   0.1205751929858E-18
  0.4466835922000E+01   0.1149290226874E-18
  0.4731512590000E+01   0.1154510605364E-18
  0.5011872336000E+01   0.1139542339570E-18
  0.5308844442000E+01   0.1125104789204E-18
  0.5623413252000E+01   0.1090318479306E-18
  0.5956621435000E+01   0.1091076955336E-18
  0.6309573445000E+01   0.1046552169556E-18
  0.6683439176000E+01   0.1039332330336E-18
  0.7079457844000E+01   0.1040988815430E-18
  0.7498942093000E+01   0.1051511193622E-18
  0.7943282347000E+01   0.1095299104275E-18
  0.8413951416000E+01   0.1117200827168E-18
  0.8912509381000E+01   0.1119957690435E-18
  0.9440608763000E+01   0.1133484206406E-18
  0.1000000000000E+02   0.1129590875859E-18
  0.1031014248000E+02   0.1118644244381E-18
  0.1062990379000E+02   0.1115259602945E-18
  0.1095958226000E+02   0.1101974500632E-18
  0.1129948546000E+02   0.1081280846131E-18
  0.1164993051000E+02   0.1062719570322E-18
  0.1201124434000E+02   0.1044290236765E-18
  0.1238376405000E+02   0.1024437862330E-18
  0.1276783718000E+02   0.9988987288911E-19
  0.1316382204000E+02   0.9864465404466E-19
  0.1357208808000E+02   0.9653001344501E-19
  0.1399301619000E+02   0.9529164939885E-19
  0.1442699906000E+02   0.9330069707643E-19
  0.1487444158000E+02   0.9237745091881E-19
  0.1533576120000E+02   0.9275111769850E-19
  0.1581138830000E+02   0.9184043552987E-19
  0.1630176662000E+02   0.9186829008949E-19
  0.1680735365000E+02   0.9131990300559E-19
  0.1732862108000E+02   0.9236606816101E-19
  0.1786605523000E+02   0.9221536066781E-19
  0.1842015749000E+02   0.9212461977681E-19
  0.1899144482000E+02   0.9157508298841E-19
  0.1958045020000E+02   0.9138130229460E-19
  0.2018772314000E+02   0.9079047402113E-19
  0.2081383019000E+02   0.8929815551589E-19
  0.2145935547000E+02   0.8819625231734E-19
  0.2212490124000E+02   0.8740280229327E-19
  0.2281108841000E+02   0.8638326250822E-19
  0.2351855716000E+02   0.8592648491163E-19
  0.2424796753000E+02   0.8476902787610E-19
  0.2500000000000E+02   0.8288069493303E-19
  0.3035700734000E+02   0.7423232602603E-19
  0.3686191578000E+02   0.6522147387062E-19
  0.4476069791000E+02   0.5470453587195E-19
  0.5435203339000E+02   0.4450502791909E-19
  0.6599860305000E+02   0.3501831810850E-19
  0.8014080308000E+02   0.2652857276661E-19
  0.9731339789000E+02   0.1965117930108E-19
  0.1181657413000E+03   0.1417651528923E-19
  0.1434863311000E+03   0.9893443850631E-20
  0.1742326242000E+03   0.6724020249509E-20
  0.2115672420000E+03   0.4404871505451E-20
  0.2569019328000E+03   0.2755947299887E-20
  0.3119509543000E+03   0.1591618371532E-20
  0.3787958963000E+03   0.9228333802131E-21
  0.4599643921000E+03   0.4817684201885E-21
  0.5585256971000E+03   0.2290265562293E-21
  0.6782067473000E+03   0.1095659888019E-21
  0.8235330882000E+03   0.3810266033141E-22
  0.1000000000000E+04   0.1420867523915E-22
