           1
         100
  
  0.1000000000000E+00   0.3029452640696E-28
  0.1258925412000E+00   0.8933717435382E-25
  0.1584893192000E+00   0.5438810083987E-23
  0.1995262315000E+00   0.1275676841168E-21
  0.2511886432000E+00   0.1338761550871E-20
  0.3162277660000E+00   0.7424108931085E-20
  0.3981071706000E+00   0.2497748356590E-19
  0.5011872336000E+00   0.5722800665834E-19
  0.6309573445000E+00   0.9601240852677E-19
  0.7943282347000E+00   0.1277290155911E-18
  0.1000000000000E+01   0.1395195831752E-18
  0.1059253725000E+01   0.1399416896558E-18
  0.1122018454000E+01   0.1389980240333E-18
  0.1188502227000E+01   0.1371596884735E-18
  0.1258925412000E+01   0.1346327213760E-18
  0.1333521432000E+01   0.1308292044387E-18
  0.1412537545000E+01   0.1263514872334E-18
  0.1496235656000E+01   0.1217020309507E-18
  0.1584893192000E+01   0.1165310835190E-18
  0.1678804018000E+01   0.1118020979646E-18
  0.1778279410000E+01   0.1063637206352E-18
  0.1883649089000E+01   0.1005863946922E-18
  0.1995262315000E+01   0.9522863939443E-19
  0.2113489040000E+01   0.8904360830660E-19
  0.2238721139000E+01   0.8339172211315E-19
  0.2371373706000E+01   0.7795055549703E-19
  0.2511886432000E+01   0.7280856571157E-19
  0.2660725060000E+01   0.6790166857257E-19
  0.2818382931000E+01   0.6314103601191E-19
  0.2985382619000E+01   0.5874067749786E-19
  0.3162277660000E+01   0.5416251026599E-19
  0.3349654392000E+01   0.5003082112570E-19
  0.3548133892000E+01   0.4691501081950E-19
  0.3758374043000E+01   0.4361023803038E-19
  0.3981071706000E+01   0.4102245567747E-19
  0.4216965034000E+01   0.3884676026325E-19
  0.4466835922000E+01   0.3755062785237E-19
  0.4731512590000E+01   0.3648362785049E-19
  0.5011872336000E+01   0.3701695698638E-19
  0.5308844442000E+01   0.3797684063154E-19
  0.5623413252000E+01   0.3922242215946E-19
  0.5956621435000E+01   0.4251755364431E-19
  0.6309573445000E+01   0.4650486895425E-19
  0.6683439176000E+01   0.5175616513483E-19
  0.7079457844000E+01   0.5698006691434E-19
  0.7498942093000E+01   0.6334625700491E-19
  0.7943282347000E+01   0.7899477418793E-19
  0.8413951416000E+01   0.9417086464310E-19
  0.8912509381000E+01   0.1082689255223E-18
  0.9440608763000E+01   0.1246900416754E-18
  0.1000000000000E+02   0.1342510455543E-18
  0.1031014248000E+02   0.1469752313476E-18
  0.1062990379000E+02   0.1501015028755E-18
  0.1095958226000E+02   0.1584297323218E-18
  0.1129948546000E+02   0.1606773981393E-18
  0.1164993051000E+02   0.1623045891824E-18
  0.1201124434000E+02   0.1748786039814E-18
  0.1238376405000E+02   0.1739614979990E-18
  0.1276783718000E+02   0.1799875169135E-18
  0.1316382204000E+02   0.1839362990348E-18
  0.1357208808000E+02   0.1986861881287E-18
  0.1399301619000E+02   0.1947032246244E-18
  0.1442699906000E+02   0.2009908281238E-18
  0.1487444158000E+02   0.2047383306718E-18
  0.1533576120000E+02   0.2179621295869E-18
  0.1581138830000E+02   0.2214718491322E-18
  0.1630176662000E+02   0.2286290852655E-18
  0.1680735365000E+02   0.2381134492389E-18
  0.1732862108000E+02   0.2508202593418E-18
  0.1786605523000E+02   0.2598372740788E-18
  0.1842015749000E+02   0.2754467915809E-18
  0.1899144482000E+02   0.2758817675155E-18
  0.1958045020000E+02   0.2858705202090E-18
  0.2018772314000E+02   0.2885410551230E-18
  0.2081383019000E+02   0.2964129435742E-18
  0.2145935547000E+02   0.2927035660591E-18
  0.2212490124000E+02   0.2971860103781E-18
  0.2281108841000E+02   0.3077312914397E-18
  0.2351855716000E+02   0.3168329290897E-18
  0.2424796753000E+02   0.3159193533711E-18
  0.2500000000000E+02   0.3266040525238E-18
  0.3035700734000E+02   0.3656944768197E-18
  0.3686191578000E+02   0.4050716469078E-18
  0.4476069791000E+02   0.4354534322887E-18
  0.5435203339000E+02   0.5096919090720E-18
  0.6599860305000E+02   0.5731411840779E-18
  0.8014080308000E+02   0.6395912301937E-18
  0.9731339789000E+02   0.6839810229051E-18
  0.1181657413000E+03   0.6832957642225E-18
  0.1434863311000E+03   0.6236303190787E-18
  0.1742326242000E+03   0.5177847892443E-18
  0.2115672420000E+03   0.3989921863849E-18
  0.2569019328000E+03   0.2804762329063E-18
  0.3119509543000E+03   0.1765576776525E-18
  0.3787958963000E+03   0.1094498767583E-18
  0.4599643921000E+03   0.5930551470543E-19
  0.5585256971000E+03   0.2872540323618E-19
  0.6782067473000E+03   0.1368711050578E-19
  0.8235330882000E+03   0.4534200148023E-20
  0.1000000000000E+04   0.1697080632717E-20
