           1
         100
  
  0.1000000000000E+00   0.8619007803052E-31
  0.1258925412000E+00   0.8278036836930E-25
  0.1584893192000E+00   0.5024691301170E-23
  0.1995262315000E+00   0.1137290193663E-21
  0.2511886432000E+00   0.1175654036549E-20
  0.3162277660000E+00   0.6521822983437E-20
  0.3981071706000E+00   0.2207581324661E-19
  0.5011872336000E+00   0.5053951210147E-19
  0.6309573445000E+00   0.8507539184206E-19
  0.7943282347000E+00   0.1127702818758E-18
  0.1000000000000E+01   0.1244848961508E-18
  0.1059253725000E+01   0.1246839870743E-18
  0.1122018454000E+01   0.1238897755848E-18
  0.1188502227000E+01   0.1221896620781E-18
  0.1258925412000E+01   0.1196837254455E-18
  0.1333521432000E+01   0.1164796420509E-18
  0.1412537545000E+01   0.1126879323194E-18
  0.1496235656000E+01   0.1084180115308E-18
  0.1584893192000E+01   0.1037752619099E-18
  0.1678804018000E+01   0.9885843636590E-19
  0.1778279410000E+01   0.9375812927187E-19
  0.1883649089000E+01   0.8855571756976E-19
  0.1995262315000E+01   0.8332275496370E-19
  0.2113489040000E+01   0.7812096235311E-19
  0.2238721139000E+01   0.7300246980260E-19
  0.2371373706000E+01   0.6801020139125E-19
  0.2511886432000E+01   0.6317867872922E-19
  0.2660725060000E+01   0.5853470618711E-19
  0.2818382931000E+01   0.5409813612091E-19
  0.2985382619000E+01   0.4988287593774E-19
  0.3162277660000E+01   0.4589752746924E-19
  0.3349654392000E+01   0.4214626756302E-19
  0.3548133892000E+01   0.3862953254658E-19
  0.3758374043000E+01   0.3534469722051E-19
  0.3981071706000E+01   0.3228676409837E-19
  0.4216965034000E+01   0.2944874028658E-19
  0.4466835922000E+01   0.2682214725906E-19
  0.4731512590000E+01   0.2439759667155E-19
  0.5011872336000E+01   0.2216481091522E-19
  0.5308844442000E+01   0.2011321631002E-19
  0.5623413252000E+01   0.1823188260113E-19
  0.5956621435000E+01   0.1650995340719E-19
  0.6309573445000E+01   0.1493655499658E-19
  0.6683439176000E+01   0.1350090441144E-19
  0.7079457844000E+01   0.1219298783585E-19
  0.7498942093000E+01   0.1100491507252E-19
  0.7943282347000E+01   0.9931479752035E-20
  0.8413951416000E+01   0.8961036620129E-20
  0.8912509381000E+01   0.8079457613441E-20
  0.9440608763000E+01   0.7283019330079E-20
  0.1000000000000E+02   0.6557193856147E-20
  0.1031014248000E+02   0.6200111912514E-20
  0.1062990379000E+02   0.5860596718014E-20
  0.1095958226000E+02   0.5537674683441E-20
  0.1129948546000E+02   0.5231600928783E-20
  0.1164993051000E+02   0.4941578312299E-20
  0.1201124434000E+02   0.4666648809537E-20
  0.1238376405000E+02   0.4406126915423E-20
  0.1276783718000E+02   0.4159402607531E-20
  0.1316382204000E+02   0.3925858282387E-20
  0.1357208808000E+02   0.3704930693080E-20
  0.1399301619000E+02   0.3496286799925E-20
  0.1442699906000E+02   0.3299944457899E-20
  0.1487444158000E+02   0.3115245127575E-20
  0.1533576120000E+02   0.2940946257354E-20
  0.1581138830000E+02   0.2776411865846E-20
  0.1630176662000E+02   0.2621067108501E-20
  0.1680735365000E+02   0.2474405617152E-20
  0.1732862108000E+02   0.2335816807666E-20
  0.1786605523000E+02   0.2204878484186E-20
  0.1842015749000E+02   0.2081038657400E-20
  0.1899144482000E+02   0.1963879457208E-20
  0.1958045020000E+02   0.1852928079080E-20
  0.2018772314000E+02   0.1747879862324E-20
  0.2081383019000E+02   0.1648529456610E-20
  0.2145935547000E+02   0.1554693955931E-20
  0.2212490124000E+02   0.1466120281137E-20
  0.2281108841000E+02   0.1382397359604E-20
  0.2351855716000E+02   0.1303415366209E-20
  0.2424796753000E+02   0.1228858495372E-20
  0.2500000000000E+02   0.1158522274138E-20
  0.3035700734000E+02   0.7952749855048E-21
  0.3686191578000E+02   0.5449118485791E-21
  0.4476069791000E+02   0.3727944617016E-21
  0.5435203339000E+02   0.2546547217214E-21
  0.6599860305000E+02   0.1737051746693E-21
  0.8014080308000E+02   0.1183207336330E-21
  0.9731339789000E+02   0.8048242026297E-22
  0.1181657413000E+03   0.5467106233045E-22
  0.1434863311000E+03   0.3709317943662E-22
  0.1742326242000E+03   0.2514537008255E-22
  0.2115672420000E+03   0.1703702454271E-22
  0.2569019328000E+03   0.1153807638950E-22
  0.3119509543000E+03   0.7810021004919E-23
  0.3787958963000E+03   0.5290134493592E-23
  0.4599643921000E+03   0.3582502880996E-23
  0.5585256971000E+03   0.2426558578643E-23
  0.6782067473000E+03   0.1644562863058E-23
  0.8235330882000E+03   0.1114435151558E-23
  0.1000000000000E+04   0.4732522137769E-27
