           1
         100
  
  0.1000000000000E+00   0.3404051954276E-32
  0.1258925412000E+00   0.8276288210558E-25
  0.1584893192000E+00   0.5023528077299E-23
  0.1995262315000E+00   0.1136929574406E-21
  0.2511886432000E+00   0.1175251209220E-20
  0.3162277660000E+00   0.6519687168160E-20
  0.3981071706000E+00   0.2206908540834E-19
  0.5011872336000E+00   0.5052553624273E-19
  0.6309573445000E+00   0.8505425133919E-19
  0.7943282347000E+00   0.1127451443715E-18
  0.1000000000000E+01   0.1244597267916E-18
  0.1059253725000E+01   0.1246592726997E-18
  0.1122018454000E+01   0.1238656189861E-18
  0.1188502227000E+01   0.1221661045871E-18
  0.1258925412000E+01   0.1196608184443E-18
  0.1333521432000E+01   0.1164573620952E-18
  0.1412537545000E+01   0.1126662126440E-18
  0.1496235656000E+01   0.1083968233124E-18
  0.1584893192000E+01   0.1037544984388E-18
  0.1678804018000E+01   0.9883801624410E-19
  0.1778279410000E+01   0.9373796679290E-19
  0.1883649089000E+01   0.8853570029943E-19
  0.1995262315000E+01   0.8330280445577E-19
  0.2113489040000E+01   0.7810101277642E-19
  0.2238721139000E+01   0.7298244070524E-19
  0.2371373706000E+01   0.6799007310170E-19
  0.2511886432000E+01   0.6315842280362E-19
  0.2660725060000E+01   0.5851429357466E-19
  0.2818382931000E+01   0.5407760367349E-19
  0.2985382619000E+01   0.4986222050327E-19
  0.3162277660000E+01   0.4587678056404E-19
  0.3349654392000E+01   0.4212547191566E-19
  0.3548133892000E+01   0.3860876153634E-19
  0.3758374043000E+01   0.3532406079692E-19
  0.3981071706000E+01   0.3226632415885E-19
  0.4216965034000E+01   0.2942857766068E-19
  0.4466835922000E+01   0.2680238210574E-19
  0.4731512590000E+01   0.2437823064424E-19
  0.5011872336000E+01   0.2214588780467E-19
  0.5308844442000E+01   0.2009467402340E-19
  0.5623413252000E+01   0.1821370050262E-19
  0.5956621435000E+01   0.1649206117754E-19
  0.6309573445000E+01   0.1491898596252E-19
  0.6683439176000E+01   0.1348395966814E-19
  0.7079457844000E+01   0.1217681646042E-19
  0.7498942093000E+01   0.1098782710719E-19
  0.7943282347000E+01   0.9907791122642E-20
  0.8413951416000E+01   0.8927953099246E-20
  0.8912509381000E+01   0.8039954313081E-20
  0.9440608763000E+01   0.7236145210931E-20
  0.1000000000000E+02   0.6509041424398E-20
  0.1031014248000E+02   0.6152101442021E-20
  0.1062990379000E+02   0.5813882763778E-20
  0.1095958226000E+02   0.5493451383162E-20
  0.1129948546000E+02   0.5189981296274E-20
  0.1164993051000E+02   0.4902633389687E-20
  0.1201124434000E+02   0.4630589745385E-20
  0.1238376405000E+02   0.4373082162226E-20
  0.1276783718000E+02   0.4129381599502E-20
  0.1316382204000E+02   0.3898791209937E-20
  0.1357208808000E+02   0.3680650801457E-20
  0.1399301619000E+02   0.3474358084566E-20
  0.1442699906000E+02   0.3279392533878E-20
  0.1487444158000E+02   0.3095191179774E-20
  0.1533576120000E+02   0.2921128289568E-20
  0.1581138830000E+02   0.2756668921060E-20
  0.1630176662000E+02   0.2601305304959E-20
  0.1680735365000E+02   0.2454558930237E-20
  0.1732862108000E+02   0.2315949253537E-20
  0.1786605523000E+02   0.2185044331565E-20
  0.1842015749000E+02   0.2061401571276E-20
  0.1899144482000E+02   0.1944617446075E-20
  0.1958045020000E+02   0.1834288483253E-20
  0.2018772314000E+02   0.1730061966008E-20
  0.2081383019000E+02   0.1631626743450E-20
  0.2145935547000E+02   0.1538696576716E-20
  0.2212490124000E+02   0.1450983448407E-20
  0.2281108841000E+02   0.1368164510755E-20
  0.2351855716000E+02   0.1290016322229E-20
  0.2424796753000E+02   0.1216265096931E-20
  0.2500000000000E+02   0.1146681238680E-20
  0.3035700734000E+02   0.7875690239734E-21
  0.3686191578000E+02   0.5400363705069E-21
  0.4476069791000E+02   0.3697845158012E-21
  0.5435203339000E+02   0.2528504994003E-21
  0.6599860305000E+02   0.1726494249312E-21
  0.8014080308000E+02   0.1177151109385E-21
  0.9731339789000E+02   0.8014100338204E-22
  0.1181657413000E+03   0.5448188668321E-22
  0.1434863311000E+03   0.3699029376696E-22
  0.1742326242000E+03   0.2509024729401E-22
  0.2115672420000E+03   0.1700784470017E-22
  0.2569019328000E+03   0.1152302047530E-22
  0.3119509543000E+03   0.7802716870117E-23
  0.3787958963000E+03   0.5286468084953E-23
  0.4599643921000E+03   0.3580810411551E-23
  0.5585256971000E+03   0.2425834445122E-23
  0.6782067473000E+03   0.1644244546532E-23
  0.8235330882000E+03   0.1114333122606E-23
  0.1000000000000E+04   0.4363071919974E-27
