           1
         100
  
  0.1000000000000E+00   0.3791609231428E-28
  0.1258925412000E+00   0.9050062861725E-25
  0.1584893192000E+00   0.5515895132985E-23
  0.1995262315000E+00   0.1304102361339E-21
  0.2511886432000E+00   0.1370947676180E-20
  0.3162277660000E+00   0.7614170266016E-20
  0.3981071706000E+00   0.2573480238573E-19
  0.5011872336000E+00   0.5896506215417E-19
  0.6309573445000E+00   0.9864815293235E-19
  0.7943282347000E+00   0.1305450194101E-18
  0.1000000000000E+01   0.1442481867475E-18
  0.1059253725000E+01   0.1439247865886E-18
  0.1122018454000E+01   0.1432180641134E-18
  0.1188502227000E+01   0.1414158062780E-18
  0.1258925412000E+01   0.1384388582673E-18
  0.1333521432000E+01   0.1349646017590E-18
  0.1412537545000E+01   0.1306593167459E-18
  0.1496235656000E+01   0.1260247334426E-18
  0.1584893192000E+01   0.1211847002483E-18
  0.1678804018000E+01   0.1159128968034E-18
  0.1778279410000E+01   0.1100750324120E-18
  0.1883649089000E+01   0.1045456223840E-18
  0.1995262315000E+01   0.9877624747356E-19
  0.2113489040000E+01   0.9286299969564E-19
  0.2238721139000E+01   0.8746045955967E-19
  0.2371373706000E+01   0.8199350513219E-19
  0.2511886432000E+01   0.7679693217989E-19
  0.2660725060000E+01   0.7183957455441E-19
  0.2818382931000E+01   0.6685584674588E-19
  0.2985382619000E+01   0.6189922243868E-19
  0.3162277660000E+01   0.5815588840772E-19
  0.3349654392000E+01   0.5417475354860E-19
  0.3548133892000E+01   0.5104389968008E-19
  0.3758374043000E+01   0.4760980809722E-19
  0.3981071706000E+01   0.4533663310862E-19
  0.4216965034000E+01   0.4342132493708E-19
  0.4466835922000E+01   0.4243852832380E-19
  0.4731512590000E+01   0.4181599867635E-19
  0.5011872336000E+01   0.4215438119562E-19
  0.5308844442000E+01   0.4437480302497E-19
  0.5623413252000E+01   0.4742723983243E-19
  0.5956621435000E+01   0.5190470125876E-19
  0.6309573445000E+01   0.5631045150493E-19
  0.6683439176000E+01   0.6156499734020E-19
  0.7079457844000E+01   0.6890224948614E-19
  0.7498942093000E+01   0.8039238011067E-19
  0.7943282347000E+01   0.1015871353662E-18
  0.8413951416000E+01   0.1230782264470E-18
  0.8912509381000E+01   0.1415716279795E-18
  0.9440608763000E+01   0.1594573845608E-18
  0.1000000000000E+02   0.1742770939090E-18
  0.1031014248000E+02   0.1872118415065E-18
  0.1062990379000E+02   0.1944705799652E-18
  0.1095958226000E+02   0.2033090765961E-18
  0.1129948546000E+02   0.2108336940825E-18
  0.1164993051000E+02   0.2071717229347E-18
  0.1201124434000E+02   0.2129531171567E-18
  0.1238376405000E+02   0.2143528386817E-18
  0.1276783718000E+02   0.2166428988601E-18
  0.1316382204000E+02   0.2195319977732E-18
  0.1357208808000E+02   0.2241926162789E-18
  0.1399301619000E+02   0.2269113351014E-18
  0.1442699906000E+02   0.2353647910271E-18
  0.1487444158000E+02   0.2355834051311E-18
  0.1533576120000E+02   0.2465365569627E-18
  0.1581138830000E+02   0.2529282585990E-18
  0.1630176662000E+02   0.2621794651071E-18
  0.1680735365000E+02   0.2683925931780E-18
  0.1732862108000E+02   0.2788883626650E-18
  0.1786605523000E+02   0.2791230842836E-18
  0.1842015749000E+02   0.2913215383645E-18
  0.1899144482000E+02   0.2974833061441E-18
  0.1958045020000E+02   0.2974127584204E-18
  0.2018772314000E+02   0.3041234689453E-18
  0.2081383019000E+02   0.3071296183930E-18
  0.2145935547000E+02   0.3101733601763E-18
  0.2212490124000E+02   0.3168615876839E-18
  0.2281108841000E+02   0.3134957468944E-18
  0.2351855716000E+02   0.3247185086959E-18
  0.2424796753000E+02   0.3215476911220E-18
  0.2500000000000E+02   0.3255437411635E-18
  0.3035700734000E+02   0.3481147359967E-18
  0.3686191578000E+02   0.3750754798870E-18
  0.4476069791000E+02   0.4069037715211E-18
  0.5435203339000E+02   0.4582697919781E-18
  0.6599860305000E+02   0.5172543649266E-18
  0.8014080308000E+02   0.5859012507171E-18
  0.9731339789000E+02   0.6196713971008E-18
  0.1181657413000E+03   0.6175790880763E-18
  0.1434863311000E+03   0.5689873655008E-18
  0.1742326242000E+03   0.4767937755524E-18
  0.2115672420000E+03   0.3720740370227E-18
  0.2569019328000E+03   0.2638519681973E-18
  0.3119509543000E+03   0.1662052261528E-18
  0.3787958963000E+03   0.1043080457713E-18
  0.4599643921000E+03   0.5679254209418E-19
  0.5585256971000E+03   0.2782452962187E-19
  0.6782067473000E+03   0.1332300119149E-19
  0.8235330882000E+03   0.4482525416750E-20
  0.1000000000000E+04   0.1685212686961E-20
