           1
         100
  
  0.1000000000000E+00   0.3407798309362E-32
  0.1258925412000E+00   0.8276288289693E-25
  0.1584893192000E+00   0.5023528129944E-23
  0.1995262315000E+00   0.1136929590731E-21
  0.2511886432000E+00   0.1175251227456E-20
  0.3162277660000E+00   0.6519687264837E-20
  0.3981071706000E+00   0.2206908571282E-19
  0.5011872336000E+00   0.5052553687507E-19
  0.6309573445000E+00   0.8505425229506E-19
  0.7943282347000E+00   0.1127451455024E-18
  0.1000000000000E+01   0.1244597279040E-18
  0.1059253725000E+01   0.1246592737812E-18
  0.1122018454000E+01   0.1238656200291E-18
  0.1188502227000E+01   0.1221661055863E-18
  0.1258925412000E+01   0.1196608193935E-18
  0.1333521432000E+01   0.1164573629914E-18
  0.1412537545000E+01   0.1126662134852E-18
  0.1496235656000E+01   0.1083968240967E-18
  0.1584893192000E+01   0.1037544991672E-18
  0.1678804018000E+01   0.9883801691647E-19
  0.1778279410000E+01   0.9373796741072E-19
  0.1883649089000E+01   0.8853570086493E-19
  0.1995262315000E+01   0.8330280497076E-19
  0.2113489040000E+01   0.7810101324389E-19
  0.2238721139000E+01   0.7298244112801E-19
  0.2371373706000E+01   0.6799007348236E-19
  0.2511886432000E+01   0.6315842314567E-19
  0.2660725060000E+01   0.5851429388075E-19
  0.2818382931000E+01   0.5407760394662E-19
  0.2985382619000E+01   0.4986222074638E-19
  0.3162277660000E+01   0.4587678077960E-19
  0.3349654392000E+01   0.4212547210632E-19
  0.3548133892000E+01   0.3860876170457E-19
  0.3758374043000E+01   0.3532406094487E-19
  0.3981071706000E+01   0.3226632428881E-19
  0.4216965034000E+01   0.2942857777462E-19
  0.4466835922000E+01   0.2680238220596E-19
  0.4731512590000E+01   0.2437823073316E-19
  0.5011872336000E+01   0.2214588788517E-19
  0.5308844442000E+01   0.2009467409941E-19
  0.5623413252000E+01   0.1821370057946E-19
  0.5956621435000E+01   0.1649206126247E-19
  0.6309573445000E+01   0.1491898606525E-19
  0.6683439176000E+01   0.1348395979937E-19
  0.7079457844000E+01   0.1217681663220E-19
  0.7498942093000E+01   0.1098782735641E-19
  0.7943282347000E+01   0.9907791598820E-20
  0.8413951416000E+01   0.8927954017360E-20
  0.8912509381000E+01   0.8039955792338E-20
  0.9440608763000E+01   0.7236147522549E-20
  0.1000000000000E+02   0.6509044481201E-20
  0.1031014248000E+02   0.6152104896531E-20
  0.1062990379000E+02   0.5813886551612E-20
  0.1095958226000E+02   0.5493455402003E-20
  0.1129948546000E+02   0.5189985512880E-20
  0.1164993051000E+02   0.4902637766375E-20
  0.1201124434000E+02   0.4630594218768E-20
  0.1238376405000E+02   0.4373086666892E-20
  0.1276783718000E+02   0.4129386076842E-20
  0.1316382204000E+02   0.3898795608170E-20
  0.1357208808000E+02   0.3680655083264E-20
  0.1399301619000E+02   0.3474362266615E-20
  0.1442699906000E+02   0.3279396758968E-20
  0.1487444158000E+02   0.3095195610099E-20
  0.1533576120000E+02   0.2921132979691E-20
  0.1581138830000E+02   0.2756673911448E-20
  0.1630176662000E+02   0.2601310625117E-20
  0.1680735365000E+02   0.2454564605728E-20
  0.1732862108000E+02   0.2315955273485E-20
  0.1786605523000E+02   0.2185050684486E-20
  0.1842015749000E+02   0.2061408205446E-20
  0.1899144482000E+02   0.1944624295592E-20
  0.1958045020000E+02   0.1834295446123E-20
  0.2018772314000E+02   0.1730068945115E-20
  0.2081383019000E+02   0.1631633673500E-20
  0.2145935547000E+02   0.1538703430757E-20
  0.2212490124000E+02   0.1450990214898E-20
  0.2281108841000E+02   0.1368171138914E-20
  0.2351855716000E+02   0.1290022813374E-20
  0.2424796753000E+02   0.1216271434576E-20
  0.2500000000000E+02   0.1146687420744E-20
  0.3035700734000E+02   0.7875739654267E-21
  0.3686191578000E+02   0.5400400621241E-21
  0.4476069791000E+02   0.3697871315616E-21
  0.5435203339000E+02   0.2528522590622E-21
  0.6599860305000E+02   0.1726505542296E-21
  0.8014080308000E+02   0.1177158027836E-21
  0.9731339789000E+02   0.8014140812674E-22
  0.1181657413000E+03   0.5448211307017E-22
  0.1434863311000E+03   0.3699041511478E-22
  0.1742326242000E+03   0.2509031016651E-22
  0.2115672420000E+03   0.1700787644332E-22
  0.2569019328000E+03   0.1152303595241E-22
  0.3119509543000E+03   0.7802723924881E-23
  0.3787958963000E+03   0.5286471406688E-23
  0.4599643921000E+03   0.3580811850337E-23
  0.5585256971000E+03   0.2425835024364E-23
  0.6782067473000E+03   0.1644244787418E-23
  0.8235330882000E+03   0.1114333196219E-23
  0.1000000000000E+04   0.4363326942907E-27
