           1
         100
  
  0.1000000000000E+00   0.3477802754405E-28
  0.1258925412000E+00   0.8987553959371E-25
  0.1584893192000E+00   0.5474115352063E-23
  0.1995262315000E+00   0.1290851589805E-21
  0.2511886432000E+00   0.1355767182927E-20
  0.3162277660000E+00   0.7529448171467E-20
  0.3981071706000E+00   0.2545641159981E-19
  0.5011872336000E+00   0.5830918896527E-19
  0.6309573445000E+00   0.9731738665719E-19
  0.7943282347000E+00   0.1287662248847E-18
  0.1000000000000E+01   0.1423364342373E-18
  0.1059253725000E+01   0.1419979099154E-18
  0.1122018454000E+01   0.1413627919211E-18
  0.1188502227000E+01   0.1396116833787E-18
  0.1258925412000E+01   0.1365687072777E-18
  0.1333521432000E+01   0.1332110780377E-18
  0.1412537545000E+01   0.1288776620447E-18
  0.1496235656000E+01   0.1244027558366E-18
  0.1584893192000E+01   0.1195098658274E-18
  0.1678804018000E+01   0.1143680950005E-18
  0.1778279410000E+01   0.1085244124443E-18
  0.1883649089000E+01   0.1030698854959E-18
  0.1995262315000E+01   0.9740857009129E-19
  0.2113489040000E+01   0.9162894747592E-19
  0.2238721139000E+01   0.8620961770721E-19
  0.2371373706000E+01   0.8087843057632E-19
  0.2511886432000E+01   0.7577434981366E-19
  0.2660725060000E+01   0.7078272767821E-19
  0.2818382931000E+01   0.6592214808703E-19
  0.2985382619000E+01   0.6106989203784E-19
  0.3162277660000E+01   0.5717818231918E-19
  0.3349654392000E+01   0.5309652459455E-19
  0.3548133892000E+01   0.4978425017635E-19
  0.3758374043000E+01   0.4618614131745E-19
  0.3981071706000E+01   0.4351410599882E-19
  0.4216965034000E+01   0.4115118673443E-19
  0.4466835922000E+01   0.3954804763221E-19
  0.4731512590000E+01   0.3829951756726E-19
  0.5011872336000E+01   0.3757744797318E-19
  0.5308844442000E+01   0.3852361813144E-19
  0.5623413252000E+01   0.3981324444538E-19
  0.5956621435000E+01   0.4360050944059E-19
  0.6309573445000E+01   0.4570892125056E-19
  0.6683439176000E+01   0.4883184367415E-19
  0.7079457844000E+01   0.5445175433411E-19
  0.7498942093000E+01   0.6347163594659E-19
  0.7943282347000E+01   0.7860078831585E-19
  0.8413951416000E+01   0.9361172859566E-19
  0.8912509381000E+01   0.1077261695410E-18
  0.9440608763000E+01   0.1199890408036E-18
  0.1000000000000E+02   0.1329597189116E-18
  0.1031014248000E+02   0.1437026239152E-18
  0.1062990379000E+02   0.1526022874880E-18
  0.1095958226000E+02   0.1609978016421E-18
  0.1129948546000E+02   0.1666501786093E-18
  0.1164993051000E+02   0.1641857368581E-18
  0.1201124434000E+02   0.1681672235218E-18
  0.1238376405000E+02   0.1700428989558E-18
  0.1276783718000E+02   0.1761855522850E-18
  0.1316382204000E+02   0.1787599892722E-18
  0.1357208808000E+02   0.1870022587817E-18
  0.1399301619000E+02   0.1920862558798E-18
  0.1442699906000E+02   0.2018999967458E-18
  0.1487444158000E+02   0.1971485879623E-18
  0.1533576120000E+02   0.2102629543855E-18
  0.1581138830000E+02   0.2193995935662E-18
  0.1630176662000E+02   0.2264574135752E-18
  0.1680735365000E+02   0.2361727934611E-18
  0.1732862108000E+02   0.2465072016735E-18
  0.1786605523000E+02   0.2490922584477E-18
  0.1842015749000E+02   0.2628989781187E-18
  0.1899144482000E+02   0.2672974522722E-18
  0.1958045020000E+02   0.2695103730856E-18
  0.2018772314000E+02   0.2797846030747E-18
  0.2081383019000E+02   0.2861321421606E-18
  0.2145935547000E+02   0.2886337401949E-18
  0.2212490124000E+02   0.2951933304399E-18
  0.2281108841000E+02   0.2959167439870E-18
  0.2351855716000E+02   0.3094538302800E-18
  0.2424796753000E+02   0.3056933878121E-18
  0.2500000000000E+02   0.3115217281781E-18
  0.3035700734000E+02   0.3517659685836E-18
  0.3686191578000E+02   0.3862459949127E-18
  0.4476069791000E+02   0.4313482753215E-18
  0.5435203339000E+02   0.4953250485044E-18
  0.6599860305000E+02   0.5624975173184E-18
  0.8014080308000E+02   0.6406527425478E-18
  0.9731339789000E+02   0.6779277229995E-18
  0.1181657413000E+03   0.6728310686647E-18
  0.1434863311000E+03   0.6165519507255E-18
  0.1742326242000E+03   0.5117426533169E-18
  0.2115672420000E+03   0.3969136536680E-18
  0.2569019328000E+03   0.2795326408006E-18
  0.3119509543000E+03   0.1750390017090E-18
  0.3787958963000E+03   0.1092620040030E-18
  0.4599643921000E+03   0.5909148721051E-19
  0.5585256971000E+03   0.2872298052185E-19
  0.6782067473000E+03   0.1363414028676E-19
  0.8235330882000E+03   0.4526866901170E-20
  0.1000000000000E+04   0.1692664241109E-20
