           1
         100
  
  0.1000000000000E+00   0.2923961726864E-28
  0.1258925412000E+00   0.8856719277303E-25
  0.1584893192000E+00   0.5398104787927E-23
  0.1995262315000E+00   0.1276862947867E-21
  0.2511886432000E+00   0.1340908548753E-20
  0.3162277660000E+00   0.7477886146345E-20
  0.3981071706000E+00   0.2504997264471E-19
  0.5011872336000E+00   0.5813468494617E-19
  0.6309573445000E+00   0.9899488631834E-19
  0.7943282347000E+00   0.1337509151996E-18
  0.1000000000000E+01   0.1560416756031E-18
  0.1059253725000E+01   0.1586734302247E-18
  0.1122018454000E+01   0.1621014220608E-18
  0.1188502227000E+01   0.1643082509837E-18
  0.1258925412000E+01   0.1649377590880E-18
  0.1333521432000E+01   0.1642112913183E-18
  0.1412537545000E+01   0.1652881186496E-18
  0.1496235656000E+01   0.1660345356382E-18
  0.1584893192000E+01   0.1654791350747E-18
  0.1678804018000E+01   0.1639525542114E-18
  0.1778279410000E+01   0.1622616594448E-18
  0.1883649089000E+01   0.1614684143218E-18
  0.1995262315000E+01   0.1617472861909E-18
  0.2113489040000E+01   0.1591355763217E-18
  0.2238721139000E+01   0.1567881828683E-18
  0.2371373706000E+01   0.1538060129351E-18
  0.2511886432000E+01   0.1563627427071E-18
  0.2660725060000E+01   0.1504483238851E-18
  0.2818382931000E+01   0.1438373821228E-18
  0.2985382619000E+01   0.1433764484209E-18
  0.3162277660000E+01   0.1434992752454E-18
  0.3349654392000E+01   0.1372504511017E-18
  0.3548133892000E+01   0.1354235477386E-18
  0.3758374043000E+01   0.1338449778232E-18
  0.3981071706000E+01   0.1288924714511E-18
  0.4216965034000E+01   0.1261991985942E-18
  0.4466835922000E+01   0.1200707414126E-18
  0.4731512590000E+01   0.1184655743682E-18
  0.5011872336000E+01   0.1165195711450E-18
  0.5308844442000E+01   0.1141074267210E-18
  0.5623413252000E+01   0.1095550332494E-18
  0.5956621435000E+01   0.1088031195581E-18
  0.6309573445000E+01   0.1029544254844E-18
  0.6683439176000E+01   0.1015375408235E-18
  0.7079457844000E+01   0.1013938717912E-18
  0.7498942093000E+01   0.1014336443713E-18
  0.7943282347000E+01   0.1062253046747E-18
  0.8413951416000E+01   0.1085103406059E-18
  0.8912509381000E+01   0.1087364193297E-18
  0.9440608763000E+01   0.1099511478194E-18
  0.1000000000000E+02   0.1088985859099E-18
  0.1031014248000E+02   0.1075025392952E-18
  0.1062990379000E+02   0.1065998785569E-18
  0.1095958226000E+02   0.1049778648593E-18
  0.1129948546000E+02   0.1028198021976E-18
  0.1164993051000E+02   0.1006112105491E-18
  0.1201124434000E+02   0.9856492311638E-19
  0.1238376405000E+02   0.9626770339485E-19
  0.1276783718000E+02   0.9351268013632E-19
  0.1316382204000E+02   0.9194595380290E-19
  0.1357208808000E+02   0.8974600901859E-19
  0.1399301619000E+02   0.8845471807033E-19
  0.1442699906000E+02   0.8646718245345E-19
  0.1487444158000E+02   0.8547878424741E-19
  0.1533576120000E+02   0.8600943995368E-19
  0.1581138830000E+02   0.8498777412902E-19
  0.1630176662000E+02   0.8469593016079E-19
  0.1680735365000E+02   0.8427326905551E-19
  0.1732862108000E+02   0.8523955436832E-19
  0.1786605523000E+02   0.8506334549618E-19
  0.1842015749000E+02   0.8481565728352E-19
  0.1899144482000E+02   0.8422235014378E-19
  0.1958045020000E+02   0.8409578952186E-19
  0.2018772314000E+02   0.8344654853687E-19
  0.2081383019000E+02   0.8185599980378E-19
  0.2145935547000E+02   0.8097769423403E-19
  0.2212490124000E+02   0.8019995415736E-19
  0.2281108841000E+02   0.7921921615929E-19
  0.2351855716000E+02   0.7894607031976E-19
  0.2424796753000E+02   0.7789923468973E-19
  0.2500000000000E+02   0.7617144965037E-19
  0.3035700734000E+02   0.6841435882797E-19
  0.3686191578000E+02   0.6056878428994E-19
  0.4476069791000E+02   0.5126970164279E-19
  0.5435203339000E+02   0.4205357380733E-19
  0.6599860305000E+02   0.3336394647354E-19
  0.8014080308000E+02   0.2547974037362E-19
  0.9731339789000E+02   0.1899334614819E-19
  0.1181657413000E+03   0.1379494026569E-19
  0.1434863311000E+03   0.9674047126009E-20
  0.1742326242000E+03   0.6605313353600E-20
  0.2115672420000E+03   0.4343646038915E-20
  0.2569019328000E+03   0.2727329142798E-20
  0.3119509543000E+03   0.1578331279067E-20
  0.3787958963000E+03   0.9169980316209E-21
  0.4599643921000E+03   0.4797801571363E-21
  0.5585256971000E+03   0.2284544782288E-21
  0.6782067473000E+03   0.1094487667421E-21
  0.8235330882000E+03   0.3811420432335E-22
  0.1000000000000E+04   0.1421844500257E-22
