           1
         100
  
  0.1000000000000E+00   0.3859207674802E-28
  0.1258925412000E+00   0.9052801642244E-25
  0.1584893192000E+00   0.5530932908079E-23
  0.1995262315000E+00   0.1310615845716E-21
  0.2511886432000E+00   0.1386499969983E-20
  0.3162277660000E+00   0.7727268760803E-20
  0.3981071706000E+00   0.2625424478457E-19
  0.5011872336000E+00   0.6005380055976E-19
  0.6309573445000E+00   0.1018973676419E-18
  0.7943282347000E+00   0.1343160763724E-18
  0.1000000000000E+01   0.1477971381340E-18
  0.1059253725000E+01   0.1480482687944E-18
  0.1122018454000E+01   0.1463570487839E-18
  0.1188502227000E+01   0.1445542437885E-18
  0.1258925412000E+01   0.1416332307620E-18
  0.1333521432000E+01   0.1379210445772E-18
  0.1412537545000E+01   0.1332711914084E-18
  0.1496235656000E+01   0.1277688205531E-18
  0.1584893192000E+01   0.1222581926045E-18
  0.1678804018000E+01   0.1164004066511E-18
  0.1778279410000E+01   0.1103215439970E-18
  0.1883649089000E+01   0.1040443317510E-18
  0.1995262315000E+01   0.9810500209441E-19
  0.2113489040000E+01   0.9230391722051E-19
  0.2238721139000E+01   0.8592216125568E-19
  0.2371373706000E+01   0.7944500141584E-19
  0.2511886432000E+01   0.7396245491599E-19
  0.2660725060000E+01   0.6815327792126E-19
  0.2818382931000E+01   0.6295680956065E-19
  0.2985382619000E+01   0.5812855935799E-19
  0.3162277660000E+01   0.5346170420836E-19
  0.3349654392000E+01   0.4912767519664E-19
  0.3548133892000E+01   0.4504698648413E-19
  0.3758374043000E+01   0.4129030808801E-19
  0.3981071706000E+01   0.3799108932326E-19
  0.4216965034000E+01   0.3500066363355E-19
  0.4466835922000E+01   0.3255192015622E-19
  0.4731512590000E+01   0.3059479926320E-19
  0.5011872336000E+01   0.2921550933735E-19
  0.5308844442000E+01   0.2826343666872E-19
  0.5623413252000E+01   0.2806737796037E-19
  0.5956621435000E+01   0.2844475182054E-19
  0.6309573445000E+01   0.2960431669904E-19
  0.6683439176000E+01   0.3122344888095E-19
  0.7079457844000E+01   0.3324604441651E-19
  0.7498942093000E+01   0.3776603718546E-19
  0.7943282347000E+01   0.5200688403771E-19
  0.8413951416000E+01   0.7670306393340E-19
  0.8912509381000E+01   0.1027704261945E-18
  0.9440608763000E+01   0.1366316568667E-18
  0.1000000000000E+02   0.1625363859587E-18
  0.1031014248000E+02   0.1757945648491E-18
  0.1062990379000E+02   0.1863271064775E-18
  0.1095958226000E+02   0.1935209114978E-18
  0.1129948546000E+02   0.1996089721103E-18
  0.1164993051000E+02   0.2043478322310E-18
  0.1201124434000E+02   0.2071842684874E-18
  0.1238376405000E+02   0.2080033947371E-18
  0.1276783718000E+02   0.2065507286354E-18
  0.1316382204000E+02   0.2034109882251E-18
  0.1357208808000E+02   0.1988965151252E-18
  0.1399301619000E+02   0.1943849935626E-18
  0.1442699906000E+02   0.1944963014648E-18
  0.1487444158000E+02   0.2011933706841E-18
  0.1533576120000E+02   0.2096464118781E-18
  0.1581138830000E+02   0.2196520569016E-18
  0.1630176662000E+02   0.2313719849880E-18
  0.1680735365000E+02   0.2442442979973E-18
  0.1732862108000E+02   0.2569478085143E-18
  0.1786605523000E+02   0.2695306032251E-18
  0.1842015749000E+02   0.2809549448447E-18
  0.1899144482000E+02   0.2901769351687E-18
  0.1958045020000E+02   0.2965223587539E-18
  0.2018772314000E+02   0.2994661021254E-18
  0.2081383019000E+02   0.3002233108086E-18
  0.2145935547000E+02   0.2999476105557E-18
  0.2212490124000E+02   0.2996921670092E-18
  0.2281108841000E+02   0.2970930006725E-18
  0.2351855716000E+02   0.2947860157637E-18
  0.2424796753000E+02   0.2919395092174E-18
  0.2500000000000E+02   0.2890021510437E-18
  0.3035700734000E+02   0.2583728687649E-18
  0.3686191578000E+02   0.2190663759321E-18
  0.4476069791000E+02   0.1789192268582E-18
  0.5435203339000E+02   0.1407780640213E-18
  0.6599860305000E+02   0.1073999139414E-18
  0.8014080308000E+02   0.7977321042409E-19
  0.9731339789000E+02   0.5745784653552E-19
  0.1181657413000E+03   0.4007066845258E-19
  0.1434863311000E+03   0.2681532377734E-19
  0.1742326242000E+03   0.1729900436364E-19
  0.2115672420000E+03   0.1077475746740E-19
  0.2569019328000E+03   0.6378026800045E-20
  0.3119509543000E+03   0.3470930787638E-20
  0.3787958963000E+03   0.1917533801354E-20
  0.4599643921000E+03   0.9572263367818E-21
  0.5585256971000E+03   0.4373801495154E-21
  0.6782067473000E+03   0.2034460154923E-21
  0.8235330882000E+03   0.6896801211628E-22
  0.1000000000000E+04   0.2556339481577E-22
